Started GET "/" for ::1 at 2019-05-29 13:55:52 -0400
  [1m[35m (3.4ms)[0m  [1m[34mSELECT "schema_migrations"."version" FROM "schema_migrations" ORDER BY "schema_migrations"."version" ASC[0m
  ↳ /Users/rjdeloss/.rbenv/versions/2.5.1/lib/ruby/gems/2.5.0/gems/activerecord-5.2.3/lib/active_record/log_subscriber.rb:98
Processing by StaticPagesController#root as HTML
  Rendering static_pages/root.html.erb within layouts/application
  Rendered static_pages/root.html.erb within layouts/application (0.8ms)
Completed 200 OK in 298ms (Views: 296.2ms | ActiveRecord: 0.0ms)


Started GET "/api/users" for ::1 at 2019-05-29 13:56:10 -0400
  
ActionController::RoutingError (No route matches [GET] "/api/users"):
  
actionpack (5.2.3) lib/action_dispatch/middleware/debug_exceptions.rb:65:in `call'
web-console (3.7.0) lib/web_console/middleware.rb:135:in `call_app'
web-console (3.7.0) lib/web_console/middleware.rb:30:in `block in call'
web-console (3.7.0) lib/web_console/middleware.rb:20:in `catch'
web-console (3.7.0) lib/web_console/middleware.rb:20:in `call'
actionpack (5.2.3) lib/action_dispatch/middleware/show_exceptions.rb:33:in `call'
railties (5.2.3) lib/rails/rack/logger.rb:38:in `call_app'
railties (5.2.3) lib/rails/rack/logger.rb:26:in `block in call'
activesupport (5.2.3) lib/active_support/tagged_logging.rb:71:in `block in tagged'
activesupport (5.2.3) lib/active_support/tagged_logging.rb:28:in `tagged'
activesupport (5.2.3) lib/active_support/tagged_logging.rb:71:in `tagged'
railties (5.2.3) lib/rails/rack/logger.rb:26:in `call'
sprockets-rails (3.2.1) lib/sprockets/rails/quiet_assets.rb:13:in `call'
actionpack (5.2.3) lib/action_dispatch/middleware/remote_ip.rb:81:in `call'
actionpack (5.2.3) lib/action_dispatch/middleware/request_id.rb:27:in `call'
rack (2.0.7) lib/rack/method_override.rb:22:in `call'
rack (2.0.7) lib/rack/runtime.rb:22:in `call'
activesupport (5.2.3) lib/active_support/cache/strategy/local_cache_middleware.rb:29:in `call'
actionpack (5.2.3) lib/action_dispatch/middleware/executor.rb:14:in `call'
actionpack (5.2.3) lib/action_dispatch/middleware/static.rb:127:in `call'
rack (2.0.7) lib/rack/sendfile.rb:111:in `call'
railties (5.2.3) lib/rails/engine.rb:524:in `call'
puma (3.12.1) lib/puma/configuration.rb:227:in `call'
puma (3.12.1) lib/puma/server.rb:660:in `handle_request'
puma (3.12.1) lib/puma/server.rb:474:in `process_client'
puma (3.12.1) lib/puma/server.rb:334:in `block in run'
puma (3.12.1) lib/puma/thread_pool.rb:135:in `block in spawn_thread'
Started POST "/api/users" for ::1 at 2019-05-29 14:02:24 -0400
Processing by Api::UsersController#create as JSON
  Parameters: {"user"=>{"username"=>"a", "password"=>"[FILTERED]", "email"=>"a", "fname"=>"a", "lnmae"=>"a"}}
Completed 500 Internal Server Error in 9ms (ActiveRecord: 0.0ms)



ArgumentError - Unknown key: :length. Valid keys are: :on, :if, :unless, :prepend. Perhaps you meant to call `validates` instead of `validate`?:
  app/models/user.rb:4:in `<class:User>'
  app/models/user.rb:1:in `<top (required)>'
  app/controllers/api/users_controller.rb:7:in `create'

Started GET "/" for ::1 at 2019-05-29 14:03:31 -0400
  [1m[35m (0.8ms)[0m  [1m[34mSELECT "schema_migrations"."version" FROM "schema_migrations" ORDER BY "schema_migrations"."version" ASC[0m
  ↳ /Users/rjdeloss/.rbenv/versions/2.5.1/lib/ruby/gems/2.5.0/gems/activerecord-5.2.3/lib/active_record/log_subscriber.rb:98
Processing by StaticPagesController#root as HTML
  Rendering static_pages/root.html.erb within layouts/application
  Rendered static_pages/root.html.erb within layouts/application (0.8ms)
Completed 200 OK in 176ms (Views: 173.8ms | ActiveRecord: 0.0ms)


Started POST "/api/users" for ::1 at 2019-05-29 14:03:36 -0400
Processing by Api::UsersController#create as JSON
  Parameters: {"user"=>{"username"=>"a", "password"=>"[FILTERED]", "email"=>"a", "fname"=>"a", "lnmae"=>"a"}}
Unpermitted parameter: :lnmae
  [1m[35m (0.2ms)[0m  [1m[35mBEGIN[0m
  ↳ app/controllers/api/users_controller.rb:8
  [1m[36mUser Exists (0.9ms)[0m  [1m[34mSELECT  1 AS one FROM "users" WHERE "users"."username" = $1 LIMIT $2[0m  [["username", "a"], ["LIMIT", 1]]
  ↳ app/controllers/api/users_controller.rb:8
  [1m[35m (0.2ms)[0m  [1m[31mROLLBACK[0m
  ↳ app/controllers/api/users_controller.rb:8
Completed 422 Unprocessable Entity in 92ms (ActiveRecord: 9.9ms)



ActiveRecord::RecordInvalid - Validation failed: Session token can't be blank:
  app/controllers/api/users_controller.rb:8:in `create'

Started POST "/api/users" for ::1 at 2019-05-29 14:03:59 -0400
Processing by Api::UsersController#create as JSON
  Parameters: {"user"=>{"username"=>"a", "password"=>"[FILTERED]", "email"=>"a", "fname"=>"a", "lnmae"=>"a"}}
Unpermitted parameter: :lnmae
  [1m[35m (0.2ms)[0m  [1m[35mBEGIN[0m
  ↳ app/controllers/api/users_controller.rb:8
  [1m[36mUser Exists (0.3ms)[0m  [1m[34mSELECT  1 AS one FROM "users" WHERE "users"."username" = $1 LIMIT $2[0m  [["username", "a"], ["LIMIT", 1]]
  ↳ app/controllers/api/users_controller.rb:8
  [1m[36mUser Create (3.2ms)[0m  [1m[32mINSERT INTO "users" ("username", "email", "fname", "password_digest", "session_token", "created_at", "updated_at") VALUES ($1, $2, $3, $4, $5, $6, $7) RETURNING "id"[0m  [["username", "a"], ["email", "a"], ["fname", "a"], ["password_digest", "$2a$10$wiJfGVCspLz4ZEHrHt9HCun9lzdkZOEsiEU67uLS6O1UVln99EpKi"], ["session_token", "j9dnsctSurki3dZotHJPpQ"], ["created_at", "2019-05-29 18:03:59.992026"], ["updated_at", "2019-05-29 18:03:59.992026"]]
  ↳ app/controllers/api/users_controller.rb:8
  [1m[35m (0.1ms)[0m  [1m[31mROLLBACK[0m
  ↳ app/controllers/api/users_controller.rb:8
Completed 500 Internal Server Error in 91ms (ActiveRecord: 8.3ms)



PG::NotNullViolation - ERROR:  null value in column "lname" violates not-null constraint
DETAIL:  Failing row contains (1, a, a, a, null, $2a$10$wiJfGVCspLz4ZEHrHt9HCun9lzdkZOEsiEU67uLS6O1UVln99EpKi, j9dnsctSurki3dZotHJPpQ, 2019-05-29 18:03:59.992026, 2019-05-29 18:03:59.992026).
:
  app/controllers/api/users_controller.rb:8:in `create'

Started POST "/api/users" for ::1 at 2019-05-29 14:04:17 -0400
Processing by Api::UsersController#create as JSON
  Parameters: {"user"=>{"username"=>"a", "password"=>"[FILTERED]", "email"=>"a", "fname"=>"a", "lname"=>"a"}}
  [1m[35m (0.4ms)[0m  [1m[35mBEGIN[0m
  ↳ app/controllers/api/users_controller.rb:8
  [1m[36mUser Exists (0.5ms)[0m  [1m[34mSELECT  1 AS one FROM "users" WHERE "users"."username" = $1 LIMIT $2[0m  [["username", "a"], ["LIMIT", 1]]
  ↳ app/controllers/api/users_controller.rb:8
  [1m[36mUser Create (3.4ms)[0m  [1m[32mINSERT INTO "users" ("username", "email", "fname", "lname", "password_digest", "session_token", "created_at", "updated_at") VALUES ($1, $2, $3, $4, $5, $6, $7, $8) RETURNING "id"[0m  [["username", "a"], ["email", "a"], ["fname", "a"], ["lname", "a"], ["password_digest", "$2a$10$5Sr0l5cWkewmOLCIZvXaG.KOrO60JN4sk2Ip3jG9X0TinbCKouNL6"], ["session_token", "yV7638VcJOfSEk3e04vB2Q"], ["created_at", "2019-05-29 18:04:17.633177"], ["updated_at", "2019-05-29 18:04:17.633177"]]
  ↳ app/controllers/api/users_controller.rb:8
  [1m[35m (0.7ms)[0m  [1m[35mCOMMIT[0m
  ↳ app/controllers/api/users_controller.rb:8
  [1m[35m (0.4ms)[0m  [1m[35mBEGIN[0m
  ↳ app/models/user.rb:30
  [1m[36mUser Exists (2.8ms)[0m  [1m[34mSELECT  1 AS one FROM "users" WHERE "users"."username" = $1 AND "users"."id" != $2 LIMIT $3[0m  [["username", "a"], ["id", 2], ["LIMIT", 1]]
  ↳ app/models/user.rb:30
  [1m[36mUser Update (0.7ms)[0m  [1m[33mUPDATE "users" SET "session_token" = $1, "updated_at" = $2 WHERE "users"."id" = $3[0m  [["session_token", "NJBss2MmdnVWpy1-Q3U-vQ"], ["updated_at", "2019-05-29 18:04:17.643596"], ["id", 2]]
  ↳ app/models/user.rb:30
  [1m[35m (0.6ms)[0m  [1m[35mCOMMIT[0m
  ↳ app/models/user.rb:30
Completed 500 Internal Server Error in 78ms (ActiveRecord: 9.5ms)



ActionView::MissingTemplate - Missing template api/users/index, application/index with {:locale=>[:en], :formats=>[:json], :variants=>[], :handlers=>[:raw, :erb, :html, :builder, :ruby, :coffee, :jbuilder]}. Searched in:
  * "/Users/rjdeloss/Desktop/OpenCounter/open_counter/app/views"
:
  app/controllers/api/users_controller.rb:10:in `create'

Started POST "/api/users" for ::1 at 2019-05-29 14:04:48 -0400
Processing by Api::UsersController#create as JSON
  Parameters: {"user"=>{"username"=>"a", "password"=>"[FILTERED]", "email"=>"a", "fname"=>"a", "lnmae"=>"a"}}
Unpermitted parameter: :lnmae
  [1m[35m (0.1ms)[0m  [1m[35mBEGIN[0m
  ↳ app/controllers/api/users_controller.rb:8
  [1m[36mUser Exists (0.4ms)[0m  [1m[34mSELECT  1 AS one FROM "users" WHERE "users"."username" = $1 LIMIT $2[0m  [["username", "a"], ["LIMIT", 1]]
  ↳ app/controllers/api/users_controller.rb:8
  [1m[35m (0.2ms)[0m  [1m[31mROLLBACK[0m
  ↳ app/controllers/api/users_controller.rb:8
Completed 422 Unprocessable Entity in 83ms (ActiveRecord: 5.7ms)



ActiveRecord::RecordInvalid - Validation failed: Username has already been taken:
  app/controllers/api/users_controller.rb:8:in `create'

Started POST "/api/users" for ::1 at 2019-05-29 14:05:18 -0400
Processing by Api::UsersController#create as JSON
  Parameters: {"user"=>{"username"=>"b", "password"=>"[FILTERED]", "email"=>"a", "fname"=>"a", "lnmae"=>"a"}}
Unpermitted parameter: :lnmae
  [1m[35m (0.1ms)[0m  [1m[35mBEGIN[0m
  ↳ app/controllers/api/users_controller.rb:8
  [1m[36mUser Exists (0.4ms)[0m  [1m[34mSELECT  1 AS one FROM "users" WHERE "users"."username" = $1 LIMIT $2[0m  [["username", "b"], ["LIMIT", 1]]
  ↳ app/controllers/api/users_controller.rb:8
  [1m[36mUser Create (2.2ms)[0m  [1m[32mINSERT INTO "users" ("username", "email", "fname", "password_digest", "session_token", "created_at", "updated_at") VALUES ($1, $2, $3, $4, $5, $6, $7) RETURNING "id"[0m  [["username", "b"], ["email", "a"], ["fname", "a"], ["password_digest", "$2a$10$jg3XRD9TqE5NYd7dsieafekZSRJgZznWx3uKeDnLyLz4Z4PqhhyC6"], ["session_token", "NS1I2AJX-pNp6DMVPu6GJQ"], ["created_at", "2019-05-29 18:05:19.102288"], ["updated_at", "2019-05-29 18:05:19.102288"]]
  ↳ app/controllers/api/users_controller.rb:8
  [1m[35m (0.1ms)[0m  [1m[31mROLLBACK[0m
  ↳ app/controllers/api/users_controller.rb:8
Completed 500 Internal Server Error in 77ms (ActiveRecord: 7.4ms)



PG::NotNullViolation - ERROR:  null value in column "lname" violates not-null constraint
DETAIL:  Failing row contains (3, b, a, a, null, $2a$10$jg3XRD9TqE5NYd7dsieafekZSRJgZznWx3uKeDnLyLz4Z4PqhhyC6, NS1I2AJX-pNp6DMVPu6GJQ, 2019-05-29 18:05:19.102288, 2019-05-29 18:05:19.102288).
:
  app/controllers/api/users_controller.rb:8:in `create'

Started POST "/api/users" for ::1 at 2019-05-29 14:05:42 -0400
Processing by Api::UsersController#create as JSON
  Parameters: {"user"=>{"username"=>"b", "password"=>"[FILTERED]", "email"=>"a", "fname"=>"a", "lname"=>"a"}}
  [1m[35m (0.1ms)[0m  [1m[35mBEGIN[0m
  ↳ app/controllers/api/users_controller.rb:8
  [1m[36mUser Exists (0.9ms)[0m  [1m[34mSELECT  1 AS one FROM "users" WHERE "users"."username" = $1 LIMIT $2[0m  [["username", "b"], ["LIMIT", 1]]
  ↳ app/controllers/api/users_controller.rb:8
  [1m[36mUser Create (0.4ms)[0m  [1m[32mINSERT INTO "users" ("username", "email", "fname", "lname", "password_digest", "session_token", "created_at", "updated_at") VALUES ($1, $2, $3, $4, $5, $6, $7, $8) RETURNING "id"[0m  [["username", "b"], ["email", "a"], ["fname", "a"], ["lname", "a"], ["password_digest", "$2a$10$RHwtmvevOftQihpQyssz/.N3.wFt8oweAsnioS6YondOocnibqZri"], ["session_token", "hl4BSAVuvLWEHmEG89GdVA"], ["created_at", "2019-05-29 18:05:43.009361"], ["updated_at", "2019-05-29 18:05:43.009361"]]
  ↳ app/controllers/api/users_controller.rb:8
  [1m[35m (2.8ms)[0m  [1m[35mCOMMIT[0m
  ↳ app/controllers/api/users_controller.rb:8
  [1m[35m (0.2ms)[0m  [1m[35mBEGIN[0m
  ↳ app/models/user.rb:30
  [1m[36mUser Exists (0.4ms)[0m  [1m[34mSELECT  1 AS one FROM "users" WHERE "users"."username" = $1 AND "users"."id" != $2 LIMIT $3[0m  [["username", "b"], ["id", 4], ["LIMIT", 1]]
  ↳ app/models/user.rb:30
  [1m[36mUser Update (0.4ms)[0m  [1m[33mUPDATE "users" SET "session_token" = $1, "updated_at" = $2 WHERE "users"."id" = $3[0m  [["session_token", "LuRRC47rQTw9kA7zK7nM8A"], ["updated_at", "2019-05-29 18:05:43.016216"], ["id", 4]]
  ↳ app/models/user.rb:30
  [1m[35m (0.4ms)[0m  [1m[35mCOMMIT[0m
  ↳ app/models/user.rb:30
Completed 200 OK in 80ms (Views: 0.5ms | ActiveRecord: 5.6ms)


Started GET "/" for ::1 at 2019-05-29 14:25:12 -0400
Processing by StaticPagesController#root as HTML
  Rendering static_pages/root.html.erb within layouts/application
  Rendered static_pages/root.html.erb within layouts/application (0.3ms)
Completed 200 OK in 380ms (Views: 377.7ms | ActiveRecord: 0.0ms)


Started GET "/" for ::1 at 2019-05-29 16:23:26 -0400
Processing by StaticPagesController#root as HTML
  Rendering static_pages/root.html.erb within layouts/application
  Rendered static_pages/root.html.erb within layouts/application (0.6ms)
Completed 200 OK in 48ms (Views: 44.8ms | ActiveRecord: 0.0ms)


Started GET "/" for ::1 at 2019-05-29 16:31:36 -0400
Processing by StaticPagesController#root as HTML
  Rendering static_pages/root.html.erb within layouts/application
  Rendered static_pages/root.html.erb within layouts/application (0.4ms)
Completed 200 OK in 34ms (Views: 30.5ms | ActiveRecord: 0.0ms)


Started GET "/" for ::1 at 2019-05-29 16:31:38 -0400
Processing by StaticPagesController#root as HTML
  Rendering static_pages/root.html.erb within layouts/application
  Rendered static_pages/root.html.erb within layouts/application (0.4ms)
Completed 200 OK in 26ms (Views: 23.8ms | ActiveRecord: 0.0ms)


Started GET "/" for ::1 at 2019-05-29 16:32:42 -0400
Processing by StaticPagesController#root as HTML
  Rendering static_pages/root.html.erb within layouts/application
  Rendered static_pages/root.html.erb within layouts/application (0.6ms)
Completed 200 OK in 39ms (Views: 35.7ms | ActiveRecord: 0.0ms)


Started GET "/" for ::1 at 2019-05-29 16:33:55 -0400
Processing by StaticPagesController#root as HTML
  Rendering static_pages/root.html.erb within layouts/application
  Rendered static_pages/root.html.erb within layouts/application (0.7ms)
Completed 200 OK in 28ms (Views: 25.9ms | ActiveRecord: 0.0ms)


Started GET "/" for ::1 at 2019-05-29 16:34:22 -0400
Processing by StaticPagesController#root as HTML
  Rendering static_pages/root.html.erb within layouts/application
  Rendered static_pages/root.html.erb within layouts/application (0.4ms)
Completed 200 OK in 25ms (Views: 22.7ms | ActiveRecord: 0.0ms)


Started GET "/" for ::1 at 2019-05-29 16:37:33 -0400
  [1m[35m (1.3ms)[0m  [1m[34mSELECT "schema_migrations"."version" FROM "schema_migrations" ORDER BY "schema_migrations"."version" ASC[0m
  ↳ /Users/rjdeloss/.rbenv/versions/2.5.1/lib/ruby/gems/2.5.0/gems/activerecord-5.2.3/lib/active_record/log_subscriber.rb:98
Processing by StaticPagesController#root as HTML
  Rendering static_pages/root.html.erb within layouts/application
  Rendered static_pages/root.html.erb within layouts/application (0.8ms)
Completed 200 OK in 1016ms (Views: 1014.4ms | ActiveRecord: 0.0ms)


Started GET "/" for ::1 at 2019-05-29 16:39:48 -0400
Processing by StaticPagesController#root as HTML
  Rendering static_pages/root.html.erb within layouts/application
  Rendered static_pages/root.html.erb within layouts/application (0.8ms)
Completed 200 OK in 28ms (Views: 25.3ms | ActiveRecord: 0.0ms)


Started GET "/" for ::1 at 2019-05-29 16:39:50 -0400
Processing by StaticPagesController#root as HTML
  Rendering static_pages/root.html.erb within layouts/application
  Rendered static_pages/root.html.erb within layouts/application (0.4ms)
Completed 200 OK in 33ms (Views: 30.4ms | ActiveRecord: 0.0ms)


Started GET "/" for ::1 at 2019-05-29 16:39:58 -0400
Processing by StaticPagesController#root as HTML
  Rendering static_pages/root.html.erb within layouts/application
  Rendered static_pages/root.html.erb within layouts/application (0.3ms)
Completed 200 OK in 37ms (Views: 34.5ms | ActiveRecord: 0.0ms)


Started GET "/" for ::1 at 2019-05-29 16:40:02 -0400
Processing by StaticPagesController#root as HTML
  Rendering static_pages/root.html.erb within layouts/application
  Rendered static_pages/root.html.erb within layouts/application (0.6ms)
Completed 200 OK in 29ms (Views: 26.7ms | ActiveRecord: 0.0ms)


Started GET "/" for ::1 at 2019-05-29 16:41:35 -0400
Processing by StaticPagesController#root as HTML
  Rendering static_pages/root.html.erb within layouts/application
  Rendered static_pages/root.html.erb within layouts/application (0.5ms)
Completed 200 OK in 837ms (Views: 833.8ms | ActiveRecord: 0.0ms)


Started GET "/" for ::1 at 2019-05-29 16:41:42 -0400
Processing by StaticPagesController#root as HTML
  Rendering static_pages/root.html.erb within layouts/application
  Rendered static_pages/root.html.erb within layouts/application (0.3ms)
Completed 200 OK in 26ms (Views: 23.1ms | ActiveRecord: 0.0ms)


Started GET "/" for ::1 at 2019-05-29 16:41:57 -0400
  [1m[35m (0.8ms)[0m  [1m[34mSELECT "schema_migrations"."version" FROM "schema_migrations" ORDER BY "schema_migrations"."version" ASC[0m
  ↳ /Users/rjdeloss/.rbenv/versions/2.5.1/lib/ruby/gems/2.5.0/gems/activerecord-5.2.3/lib/active_record/log_subscriber.rb:98
Processing by StaticPagesController#root as HTML
  Rendering static_pages/root.html.erb within layouts/application
  Rendered static_pages/root.html.erb within layouts/application (1.2ms)
Completed 200 OK in 1189ms (Views: 1186.9ms | ActiveRecord: 0.0ms)


Started GET "/" for ::1 at 2019-05-29 16:42:22 -0400
Processing by StaticPagesController#root as HTML
  Rendering static_pages/root.html.erb within layouts/application
  Rendered static_pages/root.html.erb within layouts/application (0.4ms)
Completed 200 OK in 23ms (Views: 20.5ms | ActiveRecord: 0.0ms)


Started GET "/" for ::1 at 2019-05-29 16:42:29 -0400
Processing by StaticPagesController#root as HTML
  Rendering static_pages/root.html.erb within layouts/application
  Rendered static_pages/root.html.erb within layouts/application (0.5ms)
Completed 200 OK in 28ms (Views: 25.3ms | ActiveRecord: 0.0ms)


Started GET "/" for ::1 at 2019-05-29 16:42:32 -0400
Processing by StaticPagesController#root as HTML
  Rendering static_pages/root.html.erb within layouts/application
  Rendered static_pages/root.html.erb within layouts/application (0.3ms)
Completed 200 OK in 30ms (Views: 27.4ms | ActiveRecord: 0.0ms)


Started GET "/" for ::1 at 2019-05-29 16:49:22 -0400
Processing by StaticPagesController#root as HTML
  Rendering static_pages/root.html.erb within layouts/application
  Rendered static_pages/root.html.erb within layouts/application (0.3ms)
Completed 200 OK in 732ms (Views: 729.3ms | ActiveRecord: 0.0ms)


Started GET "/" for ::1 at 2019-05-29 16:49:39 -0400
Processing by StaticPagesController#root as HTML
  Rendering static_pages/root.html.erb within layouts/application
  Rendered static_pages/root.html.erb within layouts/application (0.4ms)
Completed 200 OK in 781ms (Views: 778.6ms | ActiveRecord: 0.0ms)


Started GET "/" for ::1 at 2019-05-29 16:50:16 -0400
Processing by StaticPagesController#root as HTML
  Rendering static_pages/root.html.erb within layouts/application
  Rendered static_pages/root.html.erb within layouts/application (0.5ms)
Completed 200 OK in 703ms (Views: 700.5ms | ActiveRecord: 0.0ms)


Started GET "/" for ::1 at 2019-05-29 16:51:06 -0400
  [1m[35m (0.7ms)[0m  [1m[34mSELECT "schema_migrations"."version" FROM "schema_migrations" ORDER BY "schema_migrations"."version" ASC[0m
  ↳ /Users/rjdeloss/.rbenv/versions/2.5.1/lib/ruby/gems/2.5.0/gems/activerecord-5.2.3/lib/active_record/log_subscriber.rb:98
Processing by StaticPagesController#root as HTML
  Rendering static_pages/root.html.erb within layouts/application
  Rendered static_pages/root.html.erb within layouts/application (0.7ms)
Completed 200 OK in 1809ms (Views: 1807.3ms | ActiveRecord: 0.0ms)


Started GET "/" for ::1 at 2019-05-29 16:52:49 -0400
Processing by StaticPagesController#root as HTML
  Rendering static_pages/root.html.erb within layouts/application
  Rendered static_pages/root.html.erb within layouts/application (0.3ms)
Completed 200 OK in 719ms (Views: 717.1ms | ActiveRecord: 0.0ms)


Started GET "/" for ::1 at 2019-05-29 16:54:15 -0400
  [1m[35m (0.7ms)[0m  [1m[34mSELECT "schema_migrations"."version" FROM "schema_migrations" ORDER BY "schema_migrations"."version" ASC[0m
  ↳ /Users/rjdeloss/.rbenv/versions/2.5.1/lib/ruby/gems/2.5.0/gems/activerecord-5.2.3/lib/active_record/log_subscriber.rb:98
Processing by StaticPagesController#root as HTML
  Rendering static_pages/root.html.erb within layouts/application
  Rendered static_pages/root.html.erb within layouts/application (1.4ms)
Completed 200 OK in 1835ms (Views: 1832.0ms | ActiveRecord: 0.0ms)


Started GET "/" for ::1 at 2019-05-29 16:57:50 -0400
Processing by StaticPagesController#root as HTML
  Rendering static_pages/root.html.erb within layouts/application
  Rendered static_pages/root.html.erb within layouts/application (0.2ms)
Completed 200 OK in 24ms (Views: 21.0ms | ActiveRecord: 0.0ms)


Started GET "/" for ::1 at 2019-05-29 16:59:46 -0400
Processing by StaticPagesController#root as HTML
  Rendering static_pages/root.html.erb within layouts/application
  Rendered static_pages/root.html.erb within layouts/application (0.4ms)
Completed 200 OK in 729ms (Views: 727.6ms | ActiveRecord: 0.0ms)


Started GET "/" for ::1 at 2019-05-29 17:00:03 -0400
Processing by StaticPagesController#root as HTML
  Rendering static_pages/root.html.erb within layouts/application
  Rendered static_pages/root.html.erb within layouts/application (0.6ms)
Completed 200 OK in 748ms (Views: 745.9ms | ActiveRecord: 0.0ms)


Started GET "/" for ::1 at 2019-05-29 17:00:48 -0400
Processing by StaticPagesController#root as HTML
  Rendering static_pages/root.html.erb within layouts/application
  Rendered static_pages/root.html.erb within layouts/application (0.4ms)
Completed 200 OK in 729ms (Views: 727.6ms | ActiveRecord: 0.0ms)


Started GET "/" for ::1 at 2019-05-29 17:04:38 -0400
Processing by StaticPagesController#root as HTML
  Rendering static_pages/root.html.erb within layouts/application
  Rendered static_pages/root.html.erb within layouts/application (0.3ms)
Completed 200 OK in 32ms (Views: 29.6ms | ActiveRecord: 0.0ms)


Started GET "/" for ::1 at 2019-05-29 17:07:00 -0400
Processing by StaticPagesController#root as HTML
  Rendering static_pages/root.html.erb within layouts/application
  Rendered static_pages/root.html.erb within layouts/application (0.3ms)
Completed 200 OK in 740ms (Views: 738.2ms | ActiveRecord: 0.0ms)


Started GET "/" for ::1 at 2019-05-29 17:08:26 -0400
Processing by StaticPagesController#root as HTML
  Rendering static_pages/root.html.erb within layouts/application
  Rendered static_pages/root.html.erb within layouts/application (0.3ms)
Completed 200 OK in 728ms (Views: 726.0ms | ActiveRecord: 0.0ms)


Started GET "/" for ::1 at 2019-05-29 17:38:11 -0400
Processing by StaticPagesController#root as HTML
  Rendering static_pages/root.html.erb within layouts/application
  Rendered static_pages/root.html.erb within layouts/application (0.3ms)
Completed 200 OK in 819ms (Views: 817.5ms | ActiveRecord: 0.0ms)


Started GET "/" for ::1 at 2019-05-29 17:39:21 -0400
Processing by StaticPagesController#root as HTML
  Rendering static_pages/root.html.erb within layouts/application
  Rendered static_pages/root.html.erb within layouts/application (0.3ms)
Completed 200 OK in 719ms (Views: 716.8ms | ActiveRecord: 0.0ms)


Started GET "/" for ::1 at 2019-05-29 17:43:43 -0400
Processing by StaticPagesController#root as HTML
  Rendering static_pages/root.html.erb within layouts/application
  Rendered static_pages/root.html.erb within layouts/application (0.3ms)
Completed 200 OK in 27ms (Views: 24.7ms | ActiveRecord: 0.0ms)


Started GET "/" for ::1 at 2019-05-29 17:44:46 -0400
Processing by StaticPagesController#root as HTML
  Rendering static_pages/root.html.erb within layouts/application
  Rendered static_pages/root.html.erb within layouts/application (0.2ms)
Completed 200 OK in 25ms (Views: 23.2ms | ActiveRecord: 0.0ms)


Started GET "/" for ::1 at 2019-05-29 17:46:13 -0400
Processing by StaticPagesController#root as HTML
  Rendering static_pages/root.html.erb within layouts/application
  Rendered static_pages/root.html.erb within layouts/application (0.3ms)
Completed 200 OK in 730ms (Views: 727.2ms | ActiveRecord: 0.0ms)


Started POST "/api/users" for ::1 at 2019-05-29 17:47:08 -0400
Processing by Api::UsersController#create as JSON
  Parameters: {"fname"=>"", "lname"=>"", "email"=>"", "password"=>"[FILTERED]"}
Completed 400 Bad Request in 4ms (ActiveRecord: 0.0ms)



ActionController::ParameterMissing - param is missing or the value is empty: user:
  app/controllers/api/users_controller.rb:17:in `user_params'
  app/controllers/api/users_controller.rb:7:in `create'

Started GET "/" for ::1 at 2019-05-29 18:04:33 -0400
Processing by StaticPagesController#root as HTML
  Rendering static_pages/root.html.erb within layouts/application
  Rendered static_pages/root.html.erb within layouts/application (0.5ms)
Completed 200 OK in 729ms (Views: 725.8ms | ActiveRecord: 0.0ms)


Started POST "/api/users" for ::1 at 2019-05-29 18:04:39 -0400
Processing by Api::UsersController#create as JSON
  Parameters: {"fname"=>"", "lname"=>"", "email"=>"", "password"=>"[FILTERED]"}
Completed 400 Bad Request in 1ms (ActiveRecord: 0.0ms)



ActionController::ParameterMissing - param is missing or the value is empty: user:
  app/controllers/api/users_controller.rb:17:in `user_params'
  app/controllers/api/users_controller.rb:7:in `create'

Started POST "/api/users" for ::1 at 2019-05-29 18:05:05 -0400
Processing by Api::UsersController#create as JSON
  Parameters: {"fname"=>"c", "lname"=>"c", "email"=>"c", "password"=>"[FILTERED]"}
Completed 400 Bad Request in 1ms (ActiveRecord: 0.0ms)



ActionController::ParameterMissing - param is missing or the value is empty: user:
  app/controllers/api/users_controller.rb:17:in `user_params'
  app/controllers/api/users_controller.rb:7:in `create'

Started GET "/" for ::1 at 2019-05-29 18:05:25 -0400
Processing by StaticPagesController#root as HTML
  Rendering static_pages/root.html.erb within layouts/application
  Rendered static_pages/root.html.erb within layouts/application (0.4ms)
Completed 200 OK in 24ms (Views: 21.2ms | ActiveRecord: 0.0ms)


Started POST "/api/users" for ::1 at 2019-05-29 18:05:40 -0400
Processing by Api::UsersController#create as JSON
  Parameters: {"fname"=>"c", "lname"=>"c", "email"=>"c", "password"=>"[FILTERED]"}
Completed 400 Bad Request in 1ms (ActiveRecord: 0.0ms)



ActionController::ParameterMissing - param is missing or the value is empty: user:
  app/controllers/api/users_controller.rb:17:in `user_params'
  app/controllers/api/users_controller.rb:7:in `create'

Started GET "/" for ::1 at 2019-05-29 18:06:04 -0400
Processing by StaticPagesController#root as HTML
  Rendering static_pages/root.html.erb within layouts/application
  Rendered static_pages/root.html.erb within layouts/application (0.3ms)
Completed 200 OK in 750ms (Views: 747.6ms | ActiveRecord: 0.0ms)


Started GET "/" for ::1 at 2019-05-29 18:07:10 -0400
Processing by StaticPagesController#root as HTML
  Rendering static_pages/root.html.erb within layouts/application
  Rendered static_pages/root.html.erb within layouts/application (0.3ms)
Completed 200 OK in 26ms (Views: 23.9ms | ActiveRecord: 0.0ms)


Started GET "/" for ::1 at 2019-05-29 18:08:16 -0400
Processing by StaticPagesController#root as HTML
  Rendering static_pages/root.html.erb within layouts/application
  Rendered static_pages/root.html.erb within layouts/application (0.3ms)
Completed 200 OK in 776ms (Views: 773.6ms | ActiveRecord: 0.0ms)


Started GET "/" for ::1 at 2019-05-29 18:27:02 -0400
Processing by StaticPagesController#root as HTML
  Rendering static_pages/root.html.erb within layouts/application
  Rendered static_pages/root.html.erb within layouts/application (0.9ms)
Completed 200 OK in 836ms (Views: 831.3ms | ActiveRecord: 0.0ms)


Started GET "/" for ::1 at 2019-05-29 18:54:36 -0400
Processing by StaticPagesController#root as HTML
  Rendering static_pages/root.html.erb within layouts/application
  Rendered static_pages/root.html.erb within layouts/application (0.3ms)
Completed 200 OK in 736ms (Views: 733.8ms | ActiveRecord: 0.0ms)


Started GET "/" for ::1 at 2019-05-29 19:15:55 -0400
Processing by StaticPagesController#root as HTML
  Rendering static_pages/root.html.erb within layouts/application
  Rendered static_pages/root.html.erb within layouts/application (0.3ms)
Completed 200 OK in 34ms (Views: 30.9ms | ActiveRecord: 0.0ms)


Started GET "/" for ::1 at 2019-05-29 19:30:37 -0400
  [1m[35m (0.7ms)[0m  [1m[34mSELECT "schema_migrations"."version" FROM "schema_migrations" ORDER BY "schema_migrations"."version" ASC[0m
  ↳ /Users/rjdeloss/.rbenv/versions/2.5.1/lib/ruby/gems/2.5.0/gems/activerecord-5.2.3/lib/active_record/log_subscriber.rb:98
Processing by StaticPagesController#root as HTML
  Rendering static_pages/root.html.erb within layouts/application
  Rendered static_pages/root.html.erb within layouts/application (1.5ms)
Completed 200 OK in 2229ms (Views: 2226.4ms | ActiveRecord: 0.0ms)


Started GET "/" for ::1 at 2019-05-29 19:30:47 -0400
Processing by StaticPagesController#root as HTML
  Rendering static_pages/root.html.erb within layouts/application
  Rendered static_pages/root.html.erb within layouts/application (0.3ms)
Completed 200 OK in 26ms (Views: 23.9ms | ActiveRecord: 0.0ms)


Started POST "/api/users" for ::1 at 2019-05-29 19:31:05 -0400
Processing by Api::UsersController#create as JSON
  Parameters: {"fname"=>"b", "lname"=>"a", "email"=>"rrr", "password"=>"[FILTERED]"}
Completed 400 Bad Request in 5ms (ActiveRecord: 0.0ms)



ActionController::ParameterMissing - param is missing or the value is empty: user:
  app/controllers/api/users_controller.rb:17:in `user_params'
  app/controllers/api/users_controller.rb:7:in `create'

  [1m[35m (3.0ms)[0m  [1m[34mSELECT "schema_migrations"."version" FROM "schema_migrations" ORDER BY "schema_migrations"."version" ASC[0m
  ↳ bin/rails:9
  [1m[35m (0.5ms)[0m  [1m[34mSELECT "ar_internal_metadata"."value" FROM "ar_internal_metadata" WHERE "ar_internal_metadata"."key" = $1[0m  [["key", "environment"]]
  ↳ bin/rails:9
  [1m[35m (0.2ms)[0m  [1m[34mSELECT "schema_migrations"."version" FROM "schema_migrations" ORDER BY "schema_migrations"."version" ASC[0m
  ↳ bin/rails:9
  [1m[35m (0.2ms)[0m  [1m[34mSELECT "ar_internal_metadata"."value" FROM "ar_internal_metadata" WHERE "ar_internal_metadata"."key" = $1[0m  [["key", "environment"]]
  ↳ bin/rails:9
  [1m[35m (0.2ms)[0m  [1m[34mSELECT "schema_migrations"."version" FROM "schema_migrations" ORDER BY "schema_migrations"."version" ASC[0m
  ↳ bin/rails:9
  [1m[35m (0.2ms)[0m  [1m[34mSELECT "ar_internal_metadata"."value" FROM "ar_internal_metadata" WHERE "ar_internal_metadata"."key" = $1[0m  [["key", "environment"]]
  ↳ bin/rails:9
  [1m[35m (8028.1ms)[0m  [1m[35mDROP DATABASE IF EXISTS "open_counter_development"[0m
  ↳ bin/rails:9
